2021-11-19 11:30:08.283 200 "GET http localhost:8081 / HTTP/1.1" 0.001, [::1], "", "Mozilla/5.0 (Windows NT 10.0; Win64; x64) AppleWebKit/537.36 (KHTML, like Gecko) Chrome/93.0.4577.63 Safari/537.36" 
2021-11-19 11:30:08.325 404 "GET http localhost:8081 /favicon.ico HTTP/1.1" 0.000, [::1], "http://localhost:8081/", "Mozilla/5.0 (Windows NT 10.0; Win64; x64) AppleWebKit/537.36 (KHTML, like Gecko) Chrome/93.0.4577.63 Safari/537.36" 
2021-11-19 11:54:16.428 404 "GET http localhost:8081 / HTTP/1.1" 0.000, [::1], "", "Mozilla/5.0 (Windows NT 10.0; Win64; x64) AppleWebKit/537.36 (KHTML, like Gecko) Chrome/93.0.4577.63 Safari/537.36" 
2021-11-19 11:54:19.034 404 "GET http localhost:8081 / HTTP/1.1" 0.001, [::1], "", "Mozilla/5.0 (Windows NT 10.0; Win64; x64) AppleWebKit/537.36 (KHTML, like Gecko) Chrome/93.0.4577.63 Safari/537.36" 
2021-11-19 11:54:19.604 404 "GET http localhost:8081 / HTTP/1.1" 0.001, [::1], "", "Mozilla/5.0 (Windows NT 10.0; Win64; x64) AppleWebKit/537.36 (KHTML, like Gecko) Chrome/93.0.4577.63 Safari/537.36" 
2021-11-19 11:54:47.234 200 "GET http localhost:8081 / HTTP/1.1" 0.000, [::1], "", "Mozilla/5.0 (Windows NT 10.0; Win64; x64) AppleWebKit/537.36 (KHTML, like Gecko) Chrome/93.0.4577.63 Safari/537.36" 
2021-11-19 11:54:47.829 200 "GET http localhost:8081 / HTTP/1.1" 0.002, [::1], "", "Mozilla/5.0 (Windows NT 10.0; Win64; x64) AppleWebKit/537.36 (KHTML, like Gecko) Chrome/93.0.4577.63 Safari/537.36" 
2021-11-19 11:54:47.998 200 "GET http localhost:8081 / HTTP/1.1" 0.000, [::1], "", "Mozilla/5.0 (Windows NT 10.0; Win64; x64) AppleWebKit/537.36 (KHTML, like Gecko) Chrome/93.0.4577.63 Safari/537.36" 
2021-11-19 11:54:48.177 200 "GET http localhost:8081 / HTTP/1.1" 0.000, [::1], "", "Mozilla/5.0 (Windows NT 10.0; Win64; x64) AppleWebKit/537.36 (KHTML, like Gecko) Chrome/93.0.4577.63 Safari/537.36" 
2021-11-19 11:54:53.465 404 "GET http localhost:8081 /engine HTTP/1.1" 0.000, [::1], "", "Mozilla/5.0 (Windows NT 10.0; Win64; x64) AppleWebKit/537.36 (KHTML, like Gecko) Chrome/93.0.4577.63 Safari/537.36" 
2021-11-19 11:55:04.169 404 "GET http localhost:8081 /engine/12/34/4-5/RUN HTTP/1.1" 0.000, [::1], "", "Mozilla/5.0 (Windows NT 10.0; Win64; x64) AppleWebKit/537.36 (KHTML, like Gecko) Chrome/93.0.4577.63 Safari/537.36" 
2021-11-19 11:55:07.201 404 "GET http localhost:8081 /engine/12/34/4-5/run HTTP/1.1" 0.000, [::1], "", "Mozilla/5.0 (Windows NT 10.0; Win64; x64) AppleWebKit/537.36 (KHTML, like Gecko) Chrome/93.0.4577.63 Safari/537.36" 
2021-11-19 11:55:31.758 200 "GET http localhost:8081 /engine/12/34/4_5/run HTTP/1.1" 0.001, [::1], "", "Mozilla/5.0 (Windows NT 10.0; Win64; x64) AppleWebKit/537.36 (KHTML, like Gecko) Chrome/93.0.4577.63 Safari/537.36" 
2021-11-19 11:56:08.196 200 "GET http localhost:8081 /engine/12/34/4_5/run HTTP/1.1" 0.000, [::1], "", "Mozilla/5.0 (Windows NT 10.0; Win64; x64) AppleWebKit/537.36 (KHTML, like Gecko) Chrome/93.0.4577.63 Safari/537.36" 
2021-11-19 11:56:26.580 200 "GET http localhost:8081 /engine/12/34/4_5/run HTTP/1.1" 0.000, [::1], "", "Mozilla/5.0 (Windows NT 10.0; Win64; x64) AppleWebKit/537.36 (KHTML, like Gecko) Chrome/93.0.4577.63 Safari/537.36" 
2021-11-19 11:56:32.388 200 "GET http localhost:8081 /engine/12/34/4_5/run HTTP/1.1" 0.000, [::1], "", "Mozilla/5.0 (Windows NT 10.0; Win64; x64) AppleWebKit/537.36 (KHTML, like Gecko) Chrome/93.0.4577.63 Safari/537.36" 
2021-11-19 11:56:33.129 200 "GET http localhost:8081 /engine/12/34/4_5/run HTTP/1.1" 0.001, [::1], "", "Mozilla/5.0 (Windows NT 10.0; Win64; x64) AppleWebKit/537.36 (KHTML, like Gecko) Chrome/93.0.4577.63 Safari/537.36" 
2021-11-19 11:56:33.677 200 "GET http localhost:8081 /engine/12/34/4_5/run HTTP/1.1" 0.000, [::1], "", "Mozilla/5.0 (Windows NT 10.0; Win64; x64) AppleWebKit/537.36 (KHTML, like Gecko) Chrome/93.0.4577.63 Safari/537.36" 
2021-11-19 11:56:33.858 200 "GET http localhost:8081 /engine/12/34/4_5/run HTTP/1.1" 0.000, [::1], "", "Mozilla/5.0 (Windows NT 10.0; Win64; x64) AppleWebKit/537.36 (KHTML, like Gecko) Chrome/93.0.4577.63 Safari/537.36" 
2021-11-19 11:56:48.762 404 "GET http localhost:8081 /engine/12/34/4/run HTTP/1.1" 0.001, [::1], "", "Mozilla/5.0 (Windows NT 10.0; Win64; x64) AppleWebKit/537.36 (KHTML, like Gecko) Chrome/93.0.4577.63 Safari/537.36" 
2021-11-19 11:59:01.294 200 "GET http localhost:8081 /engine/12/34/4/run HTTP/1.1" 0.000, [::1], "", "Mozilla/5.0 (Windows NT 10.0; Win64; x64) AppleWebKit/537.36 (KHTML, like Gecko) Chrome/93.0.4577.63 Safari/537.36" 
2021-11-19 11:59:06.637 200 "GET http localhost:8081 /engine/12/34/4/1/run HTTP/1.1" 0.000, [::1], "", "Mozilla/5.0 (Windows NT 10.0; Win64; x64) AppleWebKit/537.36 (KHTML, like Gecko) Chrome/93.0.4577.63 Safari/537.36" 
2021-11-19 12:22:05.482 200 "GET http localhost:8081 /engine/12/34/4/1/run HTTP/1.1" 0.009, [::1], "", "Mozilla/5.0 (Windows NT 10.0; Win64; x64) AppleWebKit/537.36 (KHTML, like Gecko) Chrome/93.0.4577.63 Safari/537.36" 
2021-11-19 15:07:22.609 200 "GET http localhost:8081 /engine/12/34/4/1/run HTTP/1.1" 0.037, [::1], "", "Mozilla/5.0 (Windows NT 10.0; Win64; x64) AppleWebKit/537.36 (KHTML, like Gecko) Chrome/93.0.4577.63 Safari/537.36" 
2021-11-19 15:54:43.763 500 "GET http localhost:8081 /engine/12/34/4/1/run HTTP/1.1" 0.000, [::1], "", "Mozilla/5.0 (Windows NT 10.0; Win64; x64) AppleWebKit/537.36 (KHTML, like Gecko) Chrome/93.0.4577.63 Safari/537.36" 
2021-11-19 15:55:38.789 500 "GET http localhost:8081 /engine/12/34/4/1/run HTTP/1.1" 0.000, [::1], "", "Mozilla/5.0 (Windows NT 10.0; Win64; x64) AppleWebKit/537.36 (KHTML, like Gecko) Chrome/93.0.4577.63 Safari/537.36" 
2021-11-19 15:57:34.283 500 "GET http localhost:8081 /engine/12/34/4/1/run HTTP/1.1" 0.000, 127.0.0.1, "", "Mozilla/5.0 (Windows NT 10.0; Win64; x64) AppleWebKit/537.36 (KHTML, like Gecko) Chrome/93.0.4577.63 Safari/537.36" 
2021-11-19 16:05:00.686 500 "GET http localhost:8081 /engine/12/34/4/1/run HTTP/1.1" 0.000, [::1], "", "Mozilla/5.0 (Windows NT 10.0; Win64; x64) AppleWebKit/537.36 (KHTML, like Gecko) Chrome/93.0.4577.63 Safari/537.36" 
2021-11-19 16:05:46.642 500 "GET http localhost:8081 /engine/12/34/4/1/run HTTP/1.1" 0.001, [::1], "", "Mozilla/5.0 (Windows NT 10.0; Win64; x64) AppleWebKit/537.36 (KHTML, like Gecko) Chrome/93.0.4577.63 Safari/537.36" 
2021-11-19 16:14:51.896 200 "GET http localhost:8081 /engine/12/34/4/1/run HTTP/1.1" 0.000, [::1], "", "Mozilla/5.0 (Windows NT 10.0; Win64; x64) AppleWebKit/537.36 (KHTML, like Gecko) Chrome/93.0.4577.63 Safari/537.36" 
2021-11-19 16:14:57.741 200 "GET http localhost:8081 /engine/12/34/1/1/run HTTP/1.1" 0.006, [::1], "", "Mozilla/5.0 (Windows NT 10.0; Win64; x64) AppleWebKit/537.36 (KHTML, like Gecko) Chrome/93.0.4577.63 Safari/537.36" 
2021-11-19 16:15:02.235 200 "GET http localhost:8081 /engine/12/34/4/1/run HTTP/1.1" 0.001, [::1], "", "Mozilla/5.0 (Windows NT 10.0; Win64; x64) AppleWebKit/537.36 (KHTML, like Gecko) Chrome/93.0.4577.63 Safari/537.36" 
2021-11-19 16:18:05.383 200 "GET http localhost:8081 /engine/12/34/4/1/run HTTP/1.1" 0.000, [::1], "", "Mozilla/5.0 (Windows NT 10.0; Win64; x64) AppleWebKit/537.36 (KHTML, like Gecko) Chrome/93.0.4577.63 Safari/537.36" 
2021-11-19 16:18:06.154 200 "GET http localhost:8081 /engine/12/34/4/1/run HTTP/1.1" 0.000, [::1], "", "Mozilla/5.0 (Windows NT 10.0; Win64; x64) AppleWebKit/537.36 (KHTML, like Gecko) Chrome/93.0.4577.63 Safari/537.36" 
2021-11-19 16:18:08.034 200 "GET http localhost:8081 /engine/12/34/1/1/run HTTP/1.1" 0.009, [::1], "", "Mozilla/5.0 (Windows NT 10.0; Win64; x64) AppleWebKit/537.36 (KHTML, like Gecko) Chrome/93.0.4577.63 Safari/537.36" 
2021-11-19 16:18:08.617 200 "GET http localhost:8081 /engine/12/34/1/1/run HTTP/1.1" 0.009, [::1], "", "Mozilla/5.0 (Windows NT 10.0; Win64; x64) AppleWebKit/537.36 (KHTML, like Gecko) Chrome/93.0.4577.63 Safari/537.36" 
2021-11-19 16:18:08.803 200 "GET http localhost:8081 /engine/12/34/1/1/run HTTP/1.1" 0.010, [::1], "", "Mozilla/5.0 (Windows NT 10.0; Win64; x64) AppleWebKit/537.36 (KHTML, like Gecko) Chrome/93.0.4577.63 Safari/537.36" 
2021-11-19 16:18:08.975 200 "GET http localhost:8081 /engine/12/34/1/1/run HTTP/1.1" 0.012, [::1], "", "Mozilla/5.0 (Windows NT 10.0; Win64; x64) AppleWebKit/537.36 (KHTML, like Gecko) Chrome/93.0.4577.63 Safari/537.36" 
2021-11-19 16:18:09.111 200 "GET http localhost:8081 /engine/12/34/1/1/run HTTP/1.1" 0.006, [::1], "", "Mozilla/5.0 (Windows NT 10.0; Win64; x64) AppleWebKit/537.36 (KHTML, like Gecko) Chrome/93.0.4577.63 Safari/537.36" 
2021-11-19 16:18:09.270 200 "GET http localhost:8081 /engine/12/34/1/1/run HTTP/1.1" 0.007, [::1], "", "Mozilla/5.0 (Windows NT 10.0; Win64; x64) AppleWebKit/537.36 (KHTML, like Gecko) Chrome/93.0.4577.63 Safari/537.36" 
2021-11-19 16:18:49.503 200 "GET http localhost:8081 /engine/12/34/1/1/run HTTP/1.1" 0.009, [::1], "", "Mozilla/5.0 (Windows NT 10.0; Win64; x64) AppleWebKit/537.36 (KHTML, like Gecko) Chrome/93.0.4577.63 Safari/537.36" 
2021-11-19 16:28:57.996 200 "GET http localhost:8081 /engine/12/34/1/1/run HTTP/1.1" 0.010, [::1], "", "Mozilla/5.0 (Windows NT 10.0; Win64; x64) AppleWebKit/537.36 (KHTML, like Gecko) Chrome/93.0.4577.63 Safari/537.36" 
2021-11-19 16:31:09.207 200 "GET http localhost:8081 /engine/12/34/1/1/run HTTP/1.1" 0.016, [::1], "", "Mozilla/5.0 (Windows NT 10.0; Win64; x64) AppleWebKit/537.36 (KHTML, like Gecko) Chrome/93.0.4577.63 Safari/537.36" 
2021-11-19 16:37:58.536 200 "GET http localhost:8081 /engine/12/34/1/1/run HTTP/1.1" 0.008, [::1], "", "Mozilla/5.0 (Windows NT 10.0; Win64; x64) AppleWebKit/537.36 (KHTML, like Gecko) Chrome/93.0.4577.63 Safari/537.36" 
2021-11-19 16:39:06.383 200 "GET http localhost:8081 /engine/12/34/1/1/run HTTP/1.1" 0.010, [::1], "", "Mozilla/5.0 (Windows NT 10.0; Win64; x64) AppleWebKit/537.36 (KHTML, like Gecko) Chrome/93.0.4577.63 Safari/537.36" 
2021-11-19 16:39:39.646 200 "GET http localhost:8081 /engine/12/34/1/1/run HTTP/1.1" 0.010, [::1], "", "Mozilla/5.0 (Windows NT 10.0; Win64; x64) AppleWebKit/537.36 (KHTML, like Gecko) Chrome/93.0.4577.63 Safari/537.36" 
2021-11-19 16:40:04.961 200 "GET http localhost:8081 /engine/12/34/1/1/run HTTP/1.1" 0.009, [::1], "", "Mozilla/5.0 (Windows NT 10.0; Win64; x64) AppleWebKit/537.36 (KHTML, like Gecko) Chrome/93.0.4577.63 Safari/537.36" 
2021-11-19 16:40:36.004 200 "GET http localhost:8081 /engine/12/34/1/1/run HTTP/1.1" 0.009, [::1], "", "Mozilla/5.0 (Windows NT 10.0; Win64; x64) AppleWebKit/537.36 (KHTML, like Gecko) Chrome/93.0.4577.63 Safari/537.36" 
2021-11-19 16:40:50.744 200 "GET http localhost:8081 /engine/12/34/1/1/run HTTP/1.1" 0.011, [::1], "", "Mozilla/5.0 (Windows NT 10.0; Win64; x64) AppleWebKit/537.36 (KHTML, like Gecko) Chrome/93.0.4577.63 Safari/537.36" 
2021-11-19 16:40:52.965 200 "GET http localhost:8081 /engine/12/34/1/1/run HTTP/1.1" 0.008, [::1], "", "Mozilla/5.0 (Windows NT 10.0; Win64; x64) AppleWebKit/537.36 (KHTML, like Gecko) Chrome/93.0.4577.63 Safari/537.36" 
2021-11-19 16:40:53.810 200 "GET http localhost:8081 /engine/12/34/1/1/run HTTP/1.1" 0.007, [::1], "", "Mozilla/5.0 (Windows NT 10.0; Win64; x64) AppleWebKit/537.36 (KHTML, like Gecko) Chrome/93.0.4577.63 Safari/537.36" 
2021-11-19 16:44:15.152 200 "GET http localhost:8081 /engine/12/34/1/1/run HTTP/1.1" 0.009, [::1], "", "Mozilla/5.0 (Windows NT 10.0; Win64; x64) AppleWebKit/537.36 (KHTML, like Gecko) Chrome/93.0.4577.63 Safari/537.36" 
2021-11-19 16:44:37.983 200 "GET http localhost:8081 /engine/12/34/1/1/run HTTP/1.1" 0.009, [::1], "", "Mozilla/5.0 (Windows NT 10.0; Win64; x64) AppleWebKit/537.36 (KHTML, like Gecko) Chrome/93.0.4577.63 Safari/537.36" 
2021-11-19 16:47:17.053 200 "GET http localhost:8081 /engine/12/34/1/1/run HTTP/1.1" 0.009, [::1], "", "Mozilla/5.0 (Windows NT 10.0; Win64; x64) AppleWebKit/537.36 (KHTML, like Gecko) Chrome/93.0.4577.63 Safari/537.36" 
