2021-11-19 15:54:43.762 500 "GET http localhost:8081 /engine/12/34/4/1/run HTTP/1.1" 0.000, [::1], "", "Mozilla/5.0 (Windows NT 10.0; Win64; x64) AppleWebKit/537.36 (KHTML, like Gecko) Chrome/93.0.4577.63 Safari/537.36"
Stack:
1. Internal Error: interface conversion: interface {} is string, not int64
   1).  main.initEPHandlers.func2
    	D:/huangwei/code/ruletest/main.go:51
2. interface conversion: interface {} is string, not int64
 
2021-11-19 15:55:38.778 500 "GET http localhost:8081 /engine/12/34/4/1/run HTTP/1.1" 0.000, [::1], "", "Mozilla/5.0 (Windows NT 10.0; Win64; x64) AppleWebKit/537.36 (KHTML, like Gecko) Chrome/93.0.4577.63 Safari/537.36"
Stack:
1. Internal Error: runtime error: invalid memory address or nil pointer dereference
   1).  main.initEPHandlers.func2
    	D:/huangwei/code/ruletest/main.go:52
2. runtime error: invalid memory address or nil pointer dereference
 
2021-11-19 15:57:34.282 500 "GET http localhost:8081 /engine/12/34/4/1/run HTTP/1.1" 0.000, 127.0.0.1, "", "Mozilla/5.0 (Windows NT 10.0; Win64; x64) AppleWebKit/537.36 (KHTML, like Gecko) Chrome/93.0.4577.63 Safari/537.36"
Stack:
1. Internal Error: runtime error: invalid memory address or nil pointer dereference
   1).  main.initEPHandlers.func2
    	D:/huangwei/code/ruletest/main.go:52
2. runtime error: invalid memory address or nil pointer dereference
 
2021-11-19 16:05:00.685 500 "GET http localhost:8081 /engine/12/34/4/1/run HTTP/1.1" 0.000, [::1], "", "Mozilla/5.0 (Windows NT 10.0; Win64; x64) AppleWebKit/537.36 (KHTML, like Gecko) Chrome/93.0.4577.63 Safari/537.36"
Stack:
1. Internal Error: runtime error: invalid memory address or nil pointer dereference
   1).  main.initEPHandlers.func2
    	D:/huangwei/code/ruletest/main.go:52
2. runtime error: invalid memory address or nil pointer dereference
 
2021-11-19 16:05:46.641 500 "GET http localhost:8081 /engine/12/34/4/1/run HTTP/1.1" 0.001, [::1], "", "Mozilla/5.0 (Windows NT 10.0; Win64; x64) AppleWebKit/537.36 (KHTML, like Gecko) Chrome/93.0.4577.63 Safari/537.36"
Stack:
1. Internal Error: runtime error: invalid memory address or nil pointer dereference
   1).  main.initEPHandlers.func2
    	D:/huangwei/code/ruletest/main.go:53
2. runtime error: invalid memory address or nil pointer dereference
 
